Time resolution is 1 ps

tb_tx_header_bridge, stage 3 verification

test 1: 3-byte packet
    PASS: header, len=3
    PASS: 3 bytes
    test 1 complete

test 2: 44-byte packet
    PASS: header, len=44
    PASS: 44 bytes
    test 2 complete

test 3: delayed header ack (10 cycles)

tb_tx_header_bridge, stage 3 verification

test 1: 3-byte packet
    PASS: header, len=3
    PASS: 3 bytes
    test 1 complete

test 2: 44-byte packet
    PASS: header, len=44
    PASS: 44 bytes
    test 2 complete

test 3: delayed header ack (10 cycles)
    PASS: header after delay, len=3
    PASS: 3 bytes
    test 3 complete

test 4: payload backpressure
    PASS: 8 bytes with backpressure
    test 4 complete

test 5: back-to-back packets
    PASS: packet 1 (3 bytes, len=3)
    PASS: packet 2 (2 bytes, len=2)
    test 5 complete

summary: 82 passed, 0 failed out of 82 tests
ALL TESTS PASSED

$finish called at time : 1716 ns : File "C:/Users/Robert Stacy Lois II/Desktop/aes-256-gcm/wrapper2/header-bridge/header-bridge/header-bridge.srcs/sim_1/imports/header-bridge/tb_tx_header_bridge.v" Line 512
